Determining if the CL_VERSION_2_2 exist failed with the following output:
Change Dir: /Users/user/TAN/amfOpen/amf/public/proj/cmake/mac-gnumake/CMakeFiles/CMakeTmp

Run Build Command(s):/usr/bin/make cmTC_addbc/fast && /Applications/Xcode.app/Contents/Developer/usr/bin/make -f CMakeFiles/cmTC_addbc.dir/build.make CMakeFiles/cmTC_addbc.dir/build
Building C object CMakeFiles/cmTC_addbc.dir/CheckSymbolExists.c.o
/Applications/Xcode.app/Contents/Developer/Toolchains/XcodeDefault.xctoolchain/usr/bin/cc  -I/Users/user/TAN/amfOpen/thirdparty/OpenCL-Headers   -o CMakeFiles/cmTC_addbc.dir/CheckSymbolExists.c.o   -c /Users/user/TAN/amfOpen/amf/public/proj/cmake/mac-gnumake/CMakeFiles/CMakeTmp/CheckSymbolExists.c
/Users/user/TAN/amfOpen/amf/public/proj/cmake/mac-gnumake/CMakeFiles/CMakeTmp/CheckSymbolExists.c:2:10: fatal error: '/Users/user/TAN/amfOpen/thirdparty/OpenCL-Headers/Headers/cl.h' file not found
#include </Users/user/TAN/amfOpen/thirdparty/OpenCL-Headers/Headers/cl.h>
         ^~~~~~~~~~~~~~~~~~~~~~~~~~~~~~~~~~~~~~~~~~~~~~~~~~~~~~~~~~~~~~~~
1 error generated.
make[1]: *** [CMakeFiles/cmTC_addbc.dir/CheckSymbolExists.c.o] Error 1
make: *** [cmTC_addbc/fast] Error 2


File /Users/user/TAN/amfOpen/amf/public/proj/cmake/mac-gnumake/CMakeFiles/CMakeTmp/CheckSymbolExists.c:
/* */
#include </Users/user/TAN/amfOpen/thirdparty/OpenCL-Headers/Headers/cl.h>

int main(int argc, char** argv)
{
  (void)argv;
#ifndef CL_VERSION_2_2
  return ((int*)(&CL_VERSION_2_2))[argc];
#else
  (void)argc;
  return 0;
#endif
}

Determining if the CL_VERSION_2_1 exist failed with the following output:
Change Dir: /Users/user/TAN/amfOpen/amf/public/proj/cmake/mac-gnumake/CMakeFiles/CMakeTmp

Run Build Command(s):/usr/bin/make cmTC_f3b77/fast && /Applications/Xcode.app/Contents/Developer/usr/bin/make -f CMakeFiles/cmTC_f3b77.dir/build.make CMakeFiles/cmTC_f3b77.dir/build
Building C object CMakeFiles/cmTC_f3b77.dir/CheckSymbolExists.c.o
/Applications/Xcode.app/Contents/Developer/Toolchains/XcodeDefault.xctoolchain/usr/bin/cc  -I/Users/user/TAN/amfOpen/thirdparty/OpenCL-Headers   -o CMakeFiles/cmTC_f3b77.dir/CheckSymbolExists.c.o   -c /Users/user/TAN/amfOpen/amf/public/proj/cmake/mac-gnumake/CMakeFiles/CMakeTmp/CheckSymbolExists.c
/Users/user/TAN/amfOpen/amf/public/proj/cmake/mac-gnumake/CMakeFiles/CMakeTmp/CheckSymbolExists.c:2:10: fatal error: '/Users/user/TAN/amfOpen/thirdparty/OpenCL-Headers/Headers/cl.h' file not found
#include </Users/user/TAN/amfOpen/thirdparty/OpenCL-Headers/Headers/cl.h>
         ^~~~~~~~~~~~~~~~~~~~~~~~~~~~~~~~~~~~~~~~~~~~~~~~~~~~~~~~~~~~~~~~
1 error generated.
make[1]: *** [CMakeFiles/cmTC_f3b77.dir/CheckSymbolExists.c.o] Error 1
make: *** [cmTC_f3b77/fast] Error 2


File /Users/user/TAN/amfOpen/amf/public/proj/cmake/mac-gnumake/CMakeFiles/CMakeTmp/CheckSymbolExists.c:
/* */
#include </Users/user/TAN/amfOpen/thirdparty/OpenCL-Headers/Headers/cl.h>

int main(int argc, char** argv)
{
  (void)argv;
#ifndef CL_VERSION_2_1
  return ((int*)(&CL_VERSION_2_1))[argc];
#else
  (void)argc;
  return 0;
#endif
}

Determining if the CL_VERSION_2_0 exist failed with the following output:
Change Dir: /Users/user/TAN/amfOpen/amf/public/proj/cmake/mac-gnumake/CMakeFiles/CMakeTmp

Run Build Command(s):/usr/bin/make cmTC_3efea/fast && /Applications/Xcode.app/Contents/Developer/usr/bin/make -f CMakeFiles/cmTC_3efea.dir/build.make CMakeFiles/cmTC_3efea.dir/build
Building C object CMakeFiles/cmTC_3efea.dir/CheckSymbolExists.c.o
/Applications/Xcode.app/Contents/Developer/Toolchains/XcodeDefault.xctoolchain/usr/bin/cc  -I/Users/user/TAN/amfOpen/thirdparty/OpenCL-Headers   -o CMakeFiles/cmTC_3efea.dir/CheckSymbolExists.c.o   -c /Users/user/TAN/amfOpen/amf/public/proj/cmake/mac-gnumake/CMakeFiles/CMakeTmp/CheckSymbolExists.c
/Users/user/TAN/amfOpen/amf/public/proj/cmake/mac-gnumake/CMakeFiles/CMakeTmp/CheckSymbolExists.c:2:10: fatal error: '/Users/user/TAN/amfOpen/thirdparty/OpenCL-Headers/Headers/cl.h' file not found
#include </Users/user/TAN/amfOpen/thirdparty/OpenCL-Headers/Headers/cl.h>
         ^~~~~~~~~~~~~~~~~~~~~~~~~~~~~~~~~~~~~~~~~~~~~~~~~~~~~~~~~~~~~~~~
1 error generated.
make[1]: *** [CMakeFiles/cmTC_3efea.dir/CheckSymbolExists.c.o] Error 1
make: *** [cmTC_3efea/fast] Error 2


File /Users/user/TAN/amfOpen/amf/public/proj/cmake/mac-gnumake/CMakeFiles/CMakeTmp/CheckSymbolExists.c:
/* */
#include </Users/user/TAN/amfOpen/thirdparty/OpenCL-Headers/Headers/cl.h>

int main(int argc, char** argv)
{
  (void)argv;
#ifndef CL_VERSION_2_0
  return ((int*)(&CL_VERSION_2_0))[argc];
#else
  (void)argc;
  return 0;
#endif
}

Determining if the CL_VERSION_1_2 exist failed with the following output:
Change Dir: /Users/user/TAN/amfOpen/amf/public/proj/cmake/mac-gnumake/CMakeFiles/CMakeTmp

Run Build Command(s):/usr/bin/make cmTC_64ad5/fast && /Applications/Xcode.app/Contents/Developer/usr/bin/make -f CMakeFiles/cmTC_64ad5.dir/build.make CMakeFiles/cmTC_64ad5.dir/build
Building C object CMakeFiles/cmTC_64ad5.dir/CheckSymbolExists.c.o
/Applications/Xcode.app/Contents/Developer/Toolchains/XcodeDefault.xctoolchain/usr/bin/cc  -I/Users/user/TAN/amfOpen/thirdparty/OpenCL-Headers   -o CMakeFiles/cmTC_64ad5.dir/CheckSymbolExists.c.o   -c /Users/user/TAN/amfOpen/amf/public/proj/cmake/mac-gnumake/CMakeFiles/CMakeTmp/CheckSymbolExists.c
/Users/user/TAN/amfOpen/amf/public/proj/cmake/mac-gnumake/CMakeFiles/CMakeTmp/CheckSymbolExists.c:2:10: fatal error: '/Users/user/TAN/amfOpen/thirdparty/OpenCL-Headers/Headers/cl.h' file not found
#include </Users/user/TAN/amfOpen/thirdparty/OpenCL-Headers/Headers/cl.h>
         ^~~~~~~~~~~~~~~~~~~~~~~~~~~~~~~~~~~~~~~~~~~~~~~~~~~~~~~~~~~~~~~~
1 error generated.
make[1]: *** [CMakeFiles/cmTC_64ad5.dir/CheckSymbolExists.c.o] Error 1
make: *** [cmTC_64ad5/fast] Error 2


File /Users/user/TAN/amfOpen/amf/public/proj/cmake/mac-gnumake/CMakeFiles/CMakeTmp/CheckSymbolExists.c:
/* */
#include </Users/user/TAN/amfOpen/thirdparty/OpenCL-Headers/Headers/cl.h>

int main(int argc, char** argv)
{
  (void)argv;
#ifndef CL_VERSION_1_2
  return ((int*)(&CL_VERSION_1_2))[argc];
#else
  (void)argc;
  return 0;
#endif
}

Determining if the CL_VERSION_1_1 exist failed with the following output:
Change Dir: /Users/user/TAN/amfOpen/amf/public/proj/cmake/mac-gnumake/CMakeFiles/CMakeTmp

Run Build Command(s):/usr/bin/make cmTC_ada60/fast && /Applications/Xcode.app/Contents/Developer/usr/bin/make -f CMakeFiles/cmTC_ada60.dir/build.make CMakeFiles/cmTC_ada60.dir/build
Building C object CMakeFiles/cmTC_ada60.dir/CheckSymbolExists.c.o
/Applications/Xcode.app/Contents/Developer/Toolchains/XcodeDefault.xctoolchain/usr/bin/cc  -I/Users/user/TAN/amfOpen/thirdparty/OpenCL-Headers   -o CMakeFiles/cmTC_ada60.dir/CheckSymbolExists.c.o   -c /Users/user/TAN/amfOpen/amf/public/proj/cmake/mac-gnumake/CMakeFiles/CMakeTmp/CheckSymbolExists.c
/Users/user/TAN/amfOpen/amf/public/proj/cmake/mac-gnumake/CMakeFiles/CMakeTmp/CheckSymbolExists.c:2:10: fatal error: '/Users/user/TAN/amfOpen/thirdparty/OpenCL-Headers/Headers/cl.h' file not found
#include </Users/user/TAN/amfOpen/thirdparty/OpenCL-Headers/Headers/cl.h>
         ^~~~~~~~~~~~~~~~~~~~~~~~~~~~~~~~~~~~~~~~~~~~~~~~~~~~~~~~~~~~~~~~
1 error generated.
make[1]: *** [CMakeFiles/cmTC_ada60.dir/CheckSymbolExists.c.o] Error 1
make: *** [cmTC_ada60/fast] Error 2


File /Users/user/TAN/amfOpen/amf/public/proj/cmake/mac-gnumake/CMakeFiles/CMakeTmp/CheckSymbolExists.c:
/* */
#include </Users/user/TAN/amfOpen/thirdparty/OpenCL-Headers/Headers/cl.h>

int main(int argc, char** argv)
{
  (void)argv;
#ifndef CL_VERSION_1_1
  return ((int*)(&CL_VERSION_1_1))[argc];
#else
  (void)argc;
  return 0;
#endif
}

Determining if the CL_VERSION_1_0 exist failed with the following output:
Change Dir: /Users/user/TAN/amfOpen/amf/public/proj/cmake/mac-gnumake/CMakeFiles/CMakeTmp

Run Build Command(s):/usr/bin/make cmTC_ef6af/fast && /Applications/Xcode.app/Contents/Developer/usr/bin/make -f CMakeFiles/cmTC_ef6af.dir/build.make CMakeFiles/cmTC_ef6af.dir/build
Building C object CMakeFiles/cmTC_ef6af.dir/CheckSymbolExists.c.o
/Applications/Xcode.app/Contents/Developer/Toolchains/XcodeDefault.xctoolchain/usr/bin/cc  -I/Users/user/TAN/amfOpen/thirdparty/OpenCL-Headers   -o CMakeFiles/cmTC_ef6af.dir/CheckSymbolExists.c.o   -c /Users/user/TAN/amfOpen/amf/public/proj/cmake/mac-gnumake/CMakeFiles/CMakeTmp/CheckSymbolExists.c
/Users/user/TAN/amfOpen/amf/public/proj/cmake/mac-gnumake/CMakeFiles/CMakeTmp/CheckSymbolExists.c:2:10: fatal error: '/Users/user/TAN/amfOpen/thirdparty/OpenCL-Headers/Headers/cl.h' file not found
#include </Users/user/TAN/amfOpen/thirdparty/OpenCL-Headers/Headers/cl.h>
         ^~~~~~~~~~~~~~~~~~~~~~~~~~~~~~~~~~~~~~~~~~~~~~~~~~~~~~~~~~~~~~~~
1 error generated.
make[1]: *** [CMakeFiles/cmTC_ef6af.dir/CheckSymbolExists.c.o] Error 1
make: *** [cmTC_ef6af/fast] Error 2


File /Users/user/TAN/amfOpen/amf/public/proj/cmake/mac-gnumake/CMakeFiles/CMakeTmp/CheckSymbolExists.c:
/* */
#include </Users/user/TAN/amfOpen/thirdparty/OpenCL-Headers/Headers/cl.h>

int main(int argc, char** argv)
{
  (void)argv;
#ifndef CL_VERSION_1_0
  return ((int*)(&CL_VERSION_1_0))[argc];
#else
  (void)argc;
  return 0;
#endif
}

